<?xml version="1.0" encoding="UTF-8"?>
<!-- Generated by org.testng.reporters.JUnitReportReporter -->
<testsuite hostname="6fws086" failures="0" tests="2" name="Crmpro123.AdvancedsearchTest" time="33.828" errors="0" timestamp="29 Mar 2018 09:06:17 GMT" skipped="0">
  <testcase classname="Crmpro123.AdvancedsearchTest" name="crmpro_login" time="27.093"/>
  <testcase classname="Crmpro123.AdvancedsearchTest" name="f" time="6.735"/>
</testsuite> <!-- Crmpro123.AdvancedsearchTest -->
