<?xml version="1.0" encoding="UTF-8"?>
<!-- Generated by org.testng.reporters.JUnitReportReporter -->
<testsuite hostname="6fws086" failures="0" tests="2" name="Crmpro123.NewcasesTest" time="45.882" errors="0" timestamp="04 Apr 2018 12:02:38 GMT" skipped="0">
  <testcase classname="Crmpro123.NewcasesTest" name="crmpro_login" time="9.038"/>
  <testcase classname="Crmpro123.NewcasesTest" name="f" time="36.844"/>
</testsuite> <!-- Crmpro123.NewcasesTest -->
