<?xml version="1.0" encoding="UTF-8"?>
<!-- Generated by org.testng.reporters.JUnitReportReporter -->
<testsuite hostname="6fws086" failures="0" tests="2" name="Crmpro123.ShoefullformTest" time="16.668" errors="0" timestamp="02 Apr 2018 09:30:36 GMT" skipped="0">
  <testcase classname="Crmpro123.ShoefullformTest" name="f" time="10.050"/>
  <testcase classname="Crmpro123.ShoefullformTest" name="crmpro_login" time="6.618"/>
</testsuite> <!-- Crmpro123.ShoefullformTest -->
