<?xml version="1.0" encoding="UTF-8"?>
<!-- Generated by org.testng.reporters.JUnitReportReporter -->
<testsuite hostname="6fws086" failures="0" tests="2" name="Crmpro123.searchTest" time="44.815" errors="0" timestamp="29 Mar 2018 09:04:06 GMT" skipped="0">
  <testcase classname="Crmpro123.searchTest" name="f" time="3.756"/>
  <testcase classname="Crmpro123.searchTest" name="crmpro_login" time="41.059"/>
</testsuite> <!-- Crmpro123.searchTest -->
