<?xml version="1.0" encoding="UTF-8"?>
<!-- Generated by org.testng.reporters.JUnitReportReporter -->
<testsuite hostname="6fws086" failures="0" tests="2" name="Crmpro123.CasesTest" time="23.800" errors="0" timestamp="28 Mar 2018 14:11:51 GMT" skipped="0">
  <testcase classname="Crmpro123.CasesTest" name="crmpro_login" time="13.274"/>
  <testcase classname="Crmpro123.CasesTest" name="f1" time="10.526"/>
</testsuite> <!-- Crmpro123.CasesTest -->
